The target system is: Linux -  - aarch64
The host system is: Linux - 5.15.167.4-microsoft-standard-WSL2 - x86_64
Compiling the CXX compiler identification source file "CMakeCXXCompilerId.cpp" succeeded.
Compiler: /opt/atk-dlrk356x-toolchain/bin/aarch64-buildroot-linux-gnu-g++ 
Build flags: 
Id flags:  

The output was:
0


Compilation of the CXX compiler identification source "CMakeCXXCompilerId.cpp" produced "a.out"

The CXX compiler identification is GNU, found in "/home/chiming/sd3/smart_lock_rk3566/build-board-key/CMakeFiles/3.22.1/CompilerIdCXX/a.out"

Detecting CXX compiler ABI info compiled with the following output:
Change Dir: /home/chiming/sd3/smart_lock_rk3566/build-board-key/CMakeFiles/CMakeTmp

Run Build Command(s):/usr/bin/gmake -f Makefile cmTC_ad2ed/fast && /usr/bin/gmake  -f CMakeFiles/cmTC_ad2ed.dir/build.make CMakeFiles/cmTC_ad2ed.dir/build
gmake[1]: Entering directory '/home/chiming/sd3/smart_lock_rk3566/build-board-key/CMakeFiles/CMakeTmp'
Building CXX object CMakeFiles/cmTC_ad2ed.dir/CMakeCXXCompilerABI.cpp.o
/opt/atk-dlrk356x-toolchain/bin/aarch64-buildroot-linux-gnu-g++ --sysroot=/opt/atk-dlrk356x-toolchain/aarch64-buildroot-linux-gnu/sysroot   -v -o CMakeFiles/cmTC_ad2ed.dir/CMakeCXXCompilerABI.cpp.o -c /usr/share/cmake-3.22/Modules/CMakeCXXCompilerABI.cpp
Using built-in specs.
COLLECT_GCC=/opt/atk-dlrk356x-toolchain/bin/aarch64-buildroot-linux-gnu-g++.br_real
Target: aarch64-buildroot-linux-gnu
Configured with: ./configure --prefix=/home/alientek/ATK-DLRK3568/buildroot/output/rockchip_rk3568/host --sysconfdir=/home/alientek/ATK-DLRK3568/buildroot/output/rockchip_rk3568/host/etc --enable-static --target=aarch64-buildroot-linux-gnu --with-sysroot=/home/alientek/ATK-DLRK3568/buildroot/output/rockchip_rk3568/host/aarch64-buildroot-linux-gnu/sysroot --enable-__cxa_atexit --with-gnu-ld --disable-libssp --disable-multilib --disable-decimal-float --with-gmp=/home/alientek/ATK-DLRK3568/buildroot/output/rockchip_rk3568/host --with-mpc=/home/alientek/ATK-DLRK3568/buildroot/output/rockchip_rk3568/host --with-mpfr=/home/alientek/ATK-DLRK3568/buildroot/output/rockchip_rk3568/host --with-pkgversion='Buildroot 2018.02-rc3-g30e3a128' --with-bugurl=http://bugs.buildroot.net/ --without-zstd --disable-libquadmath --disable-libquadmath-support --enable-tls --enable-threads --without-isl --without-cloog --with-abi=lp64 --with-cpu=cortex-a55 --enable-languages=c,c++ --with-build-time-tools=/home/alientek/ATK-DLRK3568/buildroot/output/rockchip_rk3568/host/aarch64-buildroot-linux-gnu/bin --enable-shared --disable-libgomp
Thread model: posix
Supported LTO compression algorithms: zlib
gcc version 10.3.0 (Buildroot 2018.02-rc3-g30e3a128) 
COLLECT_GCC_OPTIONS='-v' '-o' 'CMakeFiles/cmTC_ad2ed.dir/CMakeCXXCompilerABI.cpp.o' '-c' '-shared-libgcc' '-mcpu=cortex-a55' '-mlittle-endian' '-mabi=lp64'
 /opt/atk-dlrk356x-toolchain/bin/../libexec/gcc/aarch64-buildroot-linux-gnu/10.3.0/cc1plus -quiet -v -iprefix /opt/atk-dlrk356x-toolchain/bin/../lib/gcc/aarch64-buildroot-linux-gnu/10.3.0/ -isysroot /opt/atk-dlrk356x-toolchain/aarch64-buildroot-linux-gnu/sysroot -D_GNU_SOURCE /usr/share/cmake-3.22/Modules/CMakeCXXCompilerABI.cpp -quiet -dumpbase CMakeCXXCompilerABI.cpp -mcpu=cortex-a55 -mlittle-endian -mabi=lp64 -auxbase-strip CMakeFiles/cmTC_ad2ed.dir/CMakeCXXCompilerABI.cpp.o -version -o /home/chiming/sd3/ccZc9YjD.s
GNU C++14 (Buildroot 2018.02-rc3-g30e3a128) version 10.3.0 (aarch64-buildroot-linux-gnu)
	compiled by GNU C version 7.5.0, GMP version 6.1.2, MPFR version 3.1.6, MPC version 1.0.3, isl version none
GGC heuristics: --param ggc-min-expand=100 --param ggc-min-heapsize=131072
ignoring duplicate directory "/opt/atk-dlrk356x-toolchain/bin/../lib/gcc/../../lib/gcc/aarch64-buildroot-linux-gnu/10.3.0/../../../../aarch64-buildroot-linux-gnu/include/c++/10.3.0"
ignoring duplicate directory "/opt/atk-dlrk356x-toolchain/bin/../lib/gcc/../../lib/gcc/aarch64-buildroot-linux-gnu/10.3.0/../../../../aarch64-buildroot-linux-gnu/include/c++/10.3.0/aarch64-buildroot-linux-gnu"
ignoring duplicate directory "/opt/atk-dlrk356x-toolchain/bin/../lib/gcc/../../lib/gcc/aarch64-buildroot-linux-gnu/10.3.0/../../../../aarch64-buildroot-linux-gnu/include/c++/10.3.0/backward"
ignoring duplicate directory "/opt/atk-dlrk356x-toolchain/bin/../lib/gcc/../../lib/gcc/aarch64-buildroot-linux-gnu/10.3.0/include"
ignoring nonexistent directory "/opt/atk-dlrk356x-toolchain/aarch64-buildroot-linux-gnu/sysroot/usr/local/include"
ignoring duplicate directory "/opt/atk-dlrk356x-toolchain/bin/../lib/gcc/../../lib/gcc/aarch64-buildroot-linux-gnu/10.3.0/include-fixed"
ignoring duplicate directory "/opt/atk-dlrk356x-toolchain/bin/../lib/gcc/../../lib/gcc/aarch64-buildroot-linux-gnu/10.3.0/../../../../aarch64-buildroot-linux-gnu/include"
#include "..." search starts here:
#include <...> search starts here:
 /opt/atk-dlrk356x-toolchain/bin/../lib/gcc/aarch64-buildroot-linux-gnu/10.3.0/../../../../aarch64-buildroot-linux-gnu/include/c++/10.3.0
 /opt/atk-dlrk356x-toolchain/bin/../lib/gcc/aarch64-buildroot-linux-gnu/10.3.0/../../../../aarch64-buildroot-linux-gnu/include/c++/10.3.0/aarch64-buildroot-linux-gnu
 /opt/atk-dlrk356x-toolchain/bin/../lib/gcc/aarch64-buildroot-linux-gnu/10.3.0/../../../../aarch64-buildroot-linux-gnu/include/c++/10.3.0/backward
 /opt/atk-dlrk356x-toolchain/bin/../lib/gcc/aarch64-buildroot-linux-gnu/10.3.0/include
 /opt/atk-dlrk356x-toolchain/bin/../lib/gcc/aarch64-buildroot-linux-gnu/10.3.0/include-fixed
 /opt/atk-dlrk356x-toolchain/bin/../lib/gcc/aarch64-buildroot-linux-gnu/10.3.0/../../../../aarch64-buildroot-linux-gnu/include
 /opt/atk-dlrk356x-toolchain/aarch64-buildroot-linux-gnu/sysroot/usr/include
End of search list.
GNU C++14 (Buildroot 2018.02-rc3-g30e3a128) version 10.3.0 (aarch64-buildroot-linux-gnu)
	compiled by GNU C version 7.5.0, GMP version 6.1.2, MPFR version 3.1.6, MPC version 1.0.3, isl version none
GGC heuristics: --param ggc-min-expand=100 --param ggc-min-heapsize=131072
Compiler executable checksum: ea1fe0c19fa0b7e4225b5779b5fd59ff
COLLECT_GCC_OPTIONS='-v' '-o' 'CMakeFiles/cmTC_ad2ed.dir/CMakeCXXCompilerABI.cpp.o' '-c' '-shared-libgcc' '-mcpu=cortex-a55' '-mlittle-endian' '-mabi=lp64'
 /opt/atk-dlrk356x-toolchain/bin/../lib/gcc/aarch64-buildroot-linux-gnu/10.3.0/../../../../aarch64-buildroot-linux-gnu/bin/as -v -EL -march=armv8.2-a+fp16+rcpc+dotprod -mabi=lp64 -o CMakeFiles/cmTC_ad2ed.dir/CMakeCXXCompilerABI.cpp.o /home/chiming/sd3/ccZc9YjD.s
GNU assembler version 2.36.1 (aarch64-buildroot-linux-gnu) using BFD version (GNU Binutils) 2.36.1
COMPILER_PATH=/opt/atk-dlrk356x-toolchain/bin/../libexec/gcc/aarch64-buildroot-linux-gnu/10.3.0/:/opt/atk-dlrk356x-toolchain/bin/../libexec/gcc/:/opt/atk-dlrk356x-toolchain/bin/../lib/gcc/aarch64-buildroot-linux-gnu/10.3.0/../../../../aarch64-buildroot-linux-gnu/bin/
LIBRARY_PATH=/opt/atk-dlrk356x-toolchain/bin/../lib/gcc/aarch64-buildroot-linux-gnu/10.3.0/:/opt/atk-dlrk356x-toolchain/bin/../lib/gcc/:/opt/atk-dlrk356x-toolchain/bin/../lib/gcc/aarch64-buildroot-linux-gnu/10.3.0/../../../../aarch64-buildroot-linux-gnu/lib/../lib64/:/opt/atk-dlrk356x-toolchain/aarch64-buildroot-linux-gnu/sysroot/lib/../lib64/:/opt/atk-dlrk356x-toolchain/aarch64-buildroot-linux-gnu/sysroot/usr/lib/../lib64/:/opt/atk-dlrk356x-toolchain/bin/../lib/gcc/aarch64-buildroot-linux-gnu/10.3.0/../../../../aarch64-buildroot-linux-gnu/lib/:/opt/atk-dlrk356x-toolchain/aarch64-buildroot-linux-gnu/sysroot/lib/:/opt/atk-dlrk356x-toolchain/aarch64-buildroot-linux-gnu/sysroot/usr/lib/
COLLECT_GCC_OPTIONS='-v' '-o' 'CMakeFiles/cmTC_ad2ed.dir/CMakeCXXCompilerABI.cpp.o' '-c' '-shared-libgcc' '-mcpu=cortex-a55' '-mlittle-endian' '-mabi=lp64'
Linking CXX static library libcmTC_ad2ed.a
/usr/bin/cmake -P CMakeFiles/cmTC_ad2ed.dir/cmake_clean_target.cmake
/usr/bin/cmake -E cmake_link_script CMakeFiles/cmTC_ad2ed.dir/link.txt --verbose=1
/opt/atk-dlrk356x-toolchain/bin/aarch64-buildroot-linux-gnu-ar qc libcmTC_ad2ed.a CMakeFiles/cmTC_ad2ed.dir/CMakeCXXCompilerABI.cpp.o
/opt/atk-dlrk356x-toolchain/bin/aarch64-buildroot-linux-gnu-ranlib libcmTC_ad2ed.a
gmake[1]: Leaving directory '/home/chiming/sd3/smart_lock_rk3566/build-board-key/CMakeFiles/CMakeTmp'



Parsed CXX implicit include dir info from above output: rv=done
  found start of include info
  found start of implicit include info
    add: [/opt/atk-dlrk356x-toolchain/bin/../lib/gcc/aarch64-buildroot-linux-gnu/10.3.0/../../../../aarch64-buildroot-linux-gnu/include/c++/10.3.0]
    add: [/opt/atk-dlrk356x-toolchain/bin/../lib/gcc/aarch64-buildroot-linux-gnu/10.3.0/../../../../aarch64-buildroot-linux-gnu/include/c++/10.3.0/aarch64-buildroot-linux-gnu]
    add: [/opt/atk-dlrk356x-toolchain/bin/../lib/gcc/aarch64-buildroot-linux-gnu/10.3.0/../../../../aarch64-buildroot-linux-gnu/include/c++/10.3.0/backward]
    add: [/opt/atk-dlrk356x-toolchain/bin/../lib/gcc/aarch64-buildroot-linux-gnu/10.3.0/include]
    add: [/opt/atk-dlrk356x-toolchain/bin/../lib/gcc/aarch64-buildroot-linux-gnu/10.3.0/include-fixed]
    add: [/opt/atk-dlrk356x-toolchain/bin/../lib/gcc/aarch64-buildroot-linux-gnu/10.3.0/../../../../aarch64-buildroot-linux-gnu/include]
    add: [/opt/atk-dlrk356x-toolchain/aarch64-buildroot-linux-gnu/sysroot/usr/include]
  end of search list found
  collapse include dir [/opt/atk-dlrk356x-toolchain/bin/../lib/gcc/aarch64-buildroot-linux-gnu/10.3.0/../../../../aarch64-buildroot-linux-gnu/include/c++/10.3.0] ==> [/opt/atk-dlrk356x-toolchain/aarch64-buildroot-linux-gnu/include/c++/10.3.0]
  collapse include dir [/opt/atk-dlrk356x-toolchain/bin/../lib/gcc/aarch64-buildroot-linux-gnu/10.3.0/../../../../aarch64-buildroot-linux-gnu/include/c++/10.3.0/aarch64-buildroot-linux-gnu] ==> [/opt/atk-dlrk356x-toolchain/aarch64-buildroot-linux-gnu/include/c++/10.3.0/aarch64-buildroot-linux-gnu]
  collapse include dir [/opt/atk-dlrk356x-toolchain/bin/../lib/gcc/aarch64-buildroot-linux-gnu/10.3.0/../../../../aarch64-buildroot-linux-gnu/include/c++/10.3.0/backward] ==> [/opt/atk-dlrk356x-toolchain/aarch64-buildroot-linux-gnu/include/c++/10.3.0/backward]
  collapse include dir [/opt/atk-dlrk356x-toolchain/bin/../lib/gcc/aarch64-buildroot-linux-gnu/10.3.0/include] ==> [/opt/atk-dlrk356x-toolchain/lib/gcc/aarch64-buildroot-linux-gnu/10.3.0/include]
  collapse include dir [/opt/atk-dlrk356x-toolchain/bin/../lib/gcc/aarch64-buildroot-linux-gnu/10.3.0/include-fixed] ==> [/opt/atk-dlrk356x-toolchain/lib/gcc/aarch64-buildroot-linux-gnu/10.3.0/include-fixed]
  collapse include dir [/opt/atk-dlrk356x-toolchain/bin/../lib/gcc/aarch64-buildroot-linux-gnu/10.3.0/../../../../aarch64-buildroot-linux-gnu/include] ==> [/opt/atk-dlrk356x-toolchain/aarch64-buildroot-linux-gnu/include]
  collapse include dir [/opt/atk-dlrk356x-toolchain/aarch64-buildroot-linux-gnu/sysroot/usr/include] ==> [/opt/atk-dlrk356x-toolchain/aarch64-buildroot-linux-gnu/sysroot/usr/include]
  implicit include dirs: [/opt/atk-dlrk356x-toolchain/aarch64-buildroot-linux-gnu/include/c++/10.3.0;/opt/atk-dlrk356x-toolchain/aarch64-buildroot-linux-gnu/include/c++/10.3.0/aarch64-buildroot-linux-gnu;/opt/atk-dlrk356x-toolchain/aarch64-buildroot-linux-gnu/include/c++/10.3.0/backward;/opt/atk-dlrk356x-toolchain/lib/gcc/aarch64-buildroot-linux-gnu/10.3.0/include;/opt/atk-dlrk356x-toolchain/lib/gcc/aarch64-buildroot-linux-gnu/10.3.0/include-fixed;/opt/atk-dlrk356x-toolchain/aarch64-buildroot-linux-gnu/include;/opt/atk-dlrk356x-toolchain/aarch64-buildroot-linux-gnu/sysroot/usr/include]


Parsed CXX implicit link information from above output:
  link line regex: [^( *|.*[/\])(aarch64-buildroot-linux-gnu-ld|CMAKE_LINK_STARTFILE-NOTFOUND|([^/\]+-)?ld|collect2)[^/\]*( |$)]
  ignore line: [Change Dir: /home/chiming/sd3/smart_lock_rk3566/build-board-key/CMakeFiles/CMakeTmp]
  ignore line: []
  ignore line: [Run Build Command(s):/usr/bin/gmake -f Makefile cmTC_ad2ed/fast && /usr/bin/gmake  -f CMakeFiles/cmTC_ad2ed.dir/build.make CMakeFiles/cmTC_ad2ed.dir/build]
  ignore line: [gmake[1]: Entering directory '/home/chiming/sd3/smart_lock_rk3566/build-board-key/CMakeFiles/CMakeTmp']
  ignore line: [Building CXX object CMakeFiles/cmTC_ad2ed.dir/CMakeCXXCompilerABI.cpp.o]
  ignore line: [/opt/atk-dlrk356x-toolchain/bin/aarch64-buildroot-linux-gnu-g++ --sysroot=/opt/atk-dlrk356x-toolchain/aarch64-buildroot-linux-gnu/sysroot   -v -o CMakeFiles/cmTC_ad2ed.dir/CMakeCXXCompilerABI.cpp.o -c /usr/share/cmake-3.22/Modules/CMakeCXXCompilerABI.cpp]
  ignore line: [Using built-in specs.]
  ignore line: [COLLECT_GCC=/opt/atk-dlrk356x-toolchain/bin/aarch64-buildroot-linux-gnu-g++.br_real]
  ignore line: [Target: aarch64-buildroot-linux-gnu]
  ignore line: [Configured with: ./configure --prefix=/home/alientek/ATK-DLRK3568/buildroot/output/rockchip_rk3568/host --sysconfdir=/home/alientek/ATK-DLRK3568/buildroot/output/rockchip_rk3568/host/etc --enable-static --target=aarch64-buildroot-linux-gnu --with-sysroot=/home/alientek/ATK-DLRK3568/buildroot/output/rockchip_rk3568/host/aarch64-buildroot-linux-gnu/sysroot --enable-__cxa_atexit --with-gnu-ld --disable-libssp --disable-multilib --disable-decimal-float --with-gmp=/home/alientek/ATK-DLRK3568/buildroot/output/rockchip_rk3568/host --with-mpc=/home/alientek/ATK-DLRK3568/buildroot/output/rockchip_rk3568/host --with-mpfr=/home/alientek/ATK-DLRK3568/buildroot/output/rockchip_rk3568/host --with-pkgversion='Buildroot 2018.02-rc3-g30e3a128' --with-bugurl=http://bugs.buildroot.net/ --without-zstd --disable-libquadmath --disable-libquadmath-support --enable-tls --enable-threads --without-isl --without-cloog --with-abi=lp64 --with-cpu=cortex-a55 --enable-languages=c,c++ --with-build-time-tools=/home/alientek/ATK-DLRK3568/buildroot/output/rockchip_rk3568/host/aarch64-buildroot-linux-gnu/bin --enable-shared --disable-libgomp]
  ignore line: [Thread model: posix]
  ignore line: [Supported LTO compression algorithms: zlib]
  ignore line: [gcc version 10.3.0 (Buildroot 2018.02-rc3-g30e3a128) ]
  ignore line: [COLLECT_GCC_OPTIONS='-v' '-o' 'CMakeFiles/cmTC_ad2ed.dir/CMakeCXXCompilerABI.cpp.o' '-c' '-shared-libgcc' '-mcpu=cortex-a55' '-mlittle-endian' '-mabi=lp64']
  ignore line: [ /opt/atk-dlrk356x-toolchain/bin/../libexec/gcc/aarch64-buildroot-linux-gnu/10.3.0/cc1plus -quiet -v -iprefix /opt/atk-dlrk356x-toolchain/bin/../lib/gcc/aarch64-buildroot-linux-gnu/10.3.0/ -isysroot /opt/atk-dlrk356x-toolchain/aarch64-buildroot-linux-gnu/sysroot -D_GNU_SOURCE /usr/share/cmake-3.22/Modules/CMakeCXXCompilerABI.cpp -quiet -dumpbase CMakeCXXCompilerABI.cpp -mcpu=cortex-a55 -mlittle-endian -mabi=lp64 -auxbase-strip CMakeFiles/cmTC_ad2ed.dir/CMakeCXXCompilerABI.cpp.o -version -o /home/chiming/sd3/ccZc9YjD.s]
  ignore line: [GNU C++14 (Buildroot 2018.02-rc3-g30e3a128) version 10.3.0 (aarch64-buildroot-linux-gnu)]
  ignore line: [	compiled by GNU C version 7.5.0  GMP version 6.1.2  MPFR version 3.1.6  MPC version 1.0.3  isl version none]
  ignore line: [GGC heuristics: --param ggc-min-expand=100 --param ggc-min-heapsize=131072]
  ignore line: [ignoring duplicate directory "/opt/atk-dlrk356x-toolchain/bin/../lib/gcc/../../lib/gcc/aarch64-buildroot-linux-gnu/10.3.0/../../../../aarch64-buildroot-linux-gnu/include/c++/10.3.0"]
  ignore line: [ignoring duplicate directory "/opt/atk-dlrk356x-toolchain/bin/../lib/gcc/../../lib/gcc/aarch64-buildroot-linux-gnu/10.3.0/../../../../aarch64-buildroot-linux-gnu/include/c++/10.3.0/aarch64-buildroot-linux-gnu"]
  ignore line: [ignoring duplicate directory "/opt/atk-dlrk356x-toolchain/bin/../lib/gcc/../../lib/gcc/aarch64-buildroot-linux-gnu/10.3.0/../../../../aarch64-buildroot-linux-gnu/include/c++/10.3.0/backward"]
  ignore line: [ignoring duplicate directory "/opt/atk-dlrk356x-toolchain/bin/../lib/gcc/../../lib/gcc/aarch64-buildroot-linux-gnu/10.3.0/include"]
  ignore line: [ignoring nonexistent directory "/opt/atk-dlrk356x-toolchain/aarch64-buildroot-linux-gnu/sysroot/usr/local/include"]
  ignore line: [ignoring duplicate directory "/opt/atk-dlrk356x-toolchain/bin/../lib/gcc/../../lib/gcc/aarch64-buildroot-linux-gnu/10.3.0/include-fixed"]
  ignore line: [ignoring duplicate directory "/opt/atk-dlrk356x-toolchain/bin/../lib/gcc/../../lib/gcc/aarch64-buildroot-linux-gnu/10.3.0/../../../../aarch64-buildroot-linux-gnu/include"]
  ignore line: [#include "..." search starts here:]
  ignore line: [#include <...> search starts here:]
  ignore line: [ /opt/atk-dlrk356x-toolchain/bin/../lib/gcc/aarch64-buildroot-linux-gnu/10.3.0/../../../../aarch64-buildroot-linux-gnu/include/c++/10.3.0]
  ignore line: [ /opt/atk-dlrk356x-toolchain/bin/../lib/gcc/aarch64-buildroot-linux-gnu/10.3.0/../../../../aarch64-buildroot-linux-gnu/include/c++/10.3.0/aarch64-buildroot-linux-gnu]
  ignore line: [ /opt/atk-dlrk356x-toolchain/bin/../lib/gcc/aarch64-buildroot-linux-gnu/10.3.0/../../../../aarch64-buildroot-linux-gnu/include/c++/10.3.0/backward]
  ignore line: [ /opt/atk-dlrk356x-toolchain/bin/../lib/gcc/aarch64-buildroot-linux-gnu/10.3.0/include]
  ignore line: [ /opt/atk-dlrk356x-toolchain/bin/../lib/gcc/aarch64-buildroot-linux-gnu/10.3.0/include-fixed]
  ignore line: [ /opt/atk-dlrk356x-toolchain/bin/../lib/gcc/aarch64-buildroot-linux-gnu/10.3.0/../../../../aarch64-buildroot-linux-gnu/include]
  ignore line: [ /opt/atk-dlrk356x-toolchain/aarch64-buildroot-linux-gnu/sysroot/usr/include]
  ignore line: [End of search list.]
  ignore line: [GNU C++14 (Buildroot 2018.02-rc3-g30e3a128) version 10.3.0 (aarch64-buildroot-linux-gnu)]
  ignore line: [	compiled by GNU C version 7.5.0  GMP version 6.1.2  MPFR version 3.1.6  MPC version 1.0.3  isl version none]
  ignore line: [GGC heuristics: --param ggc-min-expand=100 --param ggc-min-heapsize=131072]
  ignore line: [Compiler executable checksum: ea1fe0c19fa0b7e4225b5779b5fd59ff]
  ignore line: [COLLECT_GCC_OPTIONS='-v' '-o' 'CMakeFiles/cmTC_ad2ed.dir/CMakeCXXCompilerABI.cpp.o' '-c' '-shared-libgcc' '-mcpu=cortex-a55' '-mlittle-endian' '-mabi=lp64']
  ignore line: [ /opt/atk-dlrk356x-toolchain/bin/../lib/gcc/aarch64-buildroot-linux-gnu/10.3.0/../../../../aarch64-buildroot-linux-gnu/bin/as -v -EL -march=armv8.2-a+fp16+rcpc+dotprod -mabi=lp64 -o CMakeFiles/cmTC_ad2ed.dir/CMakeCXXCompilerABI.cpp.o /home/chiming/sd3/ccZc9YjD.s]
  ignore line: [GNU assembler version 2.36.1 (aarch64-buildroot-linux-gnu) using BFD version (GNU Binutils) 2.36.1]
  ignore line: [COMPILER_PATH=/opt/atk-dlrk356x-toolchain/bin/../libexec/gcc/aarch64-buildroot-linux-gnu/10.3.0/:/opt/atk-dlrk356x-toolchain/bin/../libexec/gcc/:/opt/atk-dlrk356x-toolchain/bin/../lib/gcc/aarch64-buildroot-linux-gnu/10.3.0/../../../../aarch64-buildroot-linux-gnu/bin/]
  ignore line: [LIBRARY_PATH=/opt/atk-dlrk356x-toolchain/bin/../lib/gcc/aarch64-buildroot-linux-gnu/10.3.0/:/opt/atk-dlrk356x-toolchain/bin/../lib/gcc/:/opt/atk-dlrk356x-toolchain/bin/../lib/gcc/aarch64-buildroot-linux-gnu/10.3.0/../../../../aarch64-buildroot-linux-gnu/lib/../lib64/:/opt/atk-dlrk356x-toolchain/aarch64-buildroot-linux-gnu/sysroot/lib/../lib64/:/opt/atk-dlrk356x-toolchain/aarch64-buildroot-linux-gnu/sysroot/usr/lib/../lib64/:/opt/atk-dlrk356x-toolchain/bin/../lib/gcc/aarch64-buildroot-linux-gnu/10.3.0/../../../../aarch64-buildroot-linux-gnu/lib/:/opt/atk-dlrk356x-toolchain/aarch64-buildroot-linux-gnu/sysroot/lib/:/opt/atk-dlrk356x-toolchain/aarch64-buildroot-linux-gnu/sysroot/usr/lib/]
  ignore line: [COLLECT_GCC_OPTIONS='-v' '-o' 'CMakeFiles/cmTC_ad2ed.dir/CMakeCXXCompilerABI.cpp.o' '-c' '-shared-libgcc' '-mcpu=cortex-a55' '-mlittle-endian' '-mabi=lp64']
  ignore line: [Linking CXX static library libcmTC_ad2ed.a]
  ignore line: [/usr/bin/cmake -P CMakeFiles/cmTC_ad2ed.dir/cmake_clean_target.cmake]
  ignore line: [/usr/bin/cmake -E cmake_link_script CMakeFiles/cmTC_ad2ed.dir/link.txt --verbose=1]
  ignore line: [/opt/atk-dlrk356x-toolchain/bin/aarch64-buildroot-linux-gnu-ar qc libcmTC_ad2ed.a CMakeFiles/cmTC_ad2ed.dir/CMakeCXXCompilerABI.cpp.o]
  ignore line: [/opt/atk-dlrk356x-toolchain/bin/aarch64-buildroot-linux-gnu-ranlib libcmTC_ad2ed.a]
  ignore line: [gmake[1]: Leaving directory '/home/chiming/sd3/smart_lock_rk3566/build-board-key/CMakeFiles/CMakeTmp']
  ignore line: []
  ignore line: []
  implicit libs: []
  implicit objs: []
  implicit dirs: []
  implicit fwks: []


